2017-03-22 17:25:44  [hikedsalary.Calculatordemo] (main:) # # # # # # # # # # # # # # # # # # # # # # # # # # # 
2017-03-22 17:25:44  [hikedsalary.Calculatordemo] (main:) TEST Has Started
2017-03-22 17:25:54  [hikedsalary.Calculatordemo] (main:) Open Calc Application
2017-03-23 17:34:04  [hikedsalary.Calculatordemo] (main:) # # # # # # # # # # # # # # # # # # # # # # # # # # # 
2017-03-23 17:34:04  [hikedsalary.Calculatordemo] (main:) TEST Has Started
2017-03-23 17:35:43  [hikedsalary.Calculatordemo] (main:) # # # # # # # # # # # # # # # # # # # # # # # # # # # 
2017-03-23 17:35:43  [hikedsalary.Calculatordemo] (main:) TEST Has Started
2017-03-23 17:37:19  [hikedsalary.AccessDropDown] (main:) # # # # # # # # # # # # # # # # # # # # # # # # # # # 
2017-03-23 17:37:19  [hikedsalary.AccessDropDown] (main:) TEST Has Started
2017-03-23 17:39:13  [hikedsalary.AccessDropDown] (main:) # # # # # # # # # # # # # # # # # # # # # # # # # # # 
2017-03-23 17:39:13  [hikedsalary.AccessDropDown] (main:) TEST Has Started
2017-03-23 17:39:23  [hikedsalary.AccessDropDown] (main:) Open tours Application
2017-03-23 17:39:23  [hikedsalary.AccessDropDown] (main:) Zambia is selected
2017-03-23 17:39:56  [hikedsalary.AccessDropDown] (main:) # # # # # # # # # # # # # # # # # # # # # # # # # # # 
2017-03-23 17:39:56  [hikedsalary.AccessDropDown] (main:) TEST Has Started
2017-03-23 17:40:06  [hikedsalary.AccessDropDown] (main:) Open tours Application
2017-03-23 17:40:06  [hikedsalary.AccessDropDown] (main:) Zambia is selected
2017-03-23 17:49:19  [hikedsalary.AccessDropDown] (main:) # # # # # # # # # # # # # # # # # # # # # # # # # # # 
2017-03-23 17:49:19  [hikedsalary.AccessDropDown] (main:) TEST Has Started
2017-03-23 17:49:28  [hikedsalary.AccessDropDown] (main:) Open tours Application
2017-03-23 17:49:29  [hikedsalary.AccessDropDown] (main:) Zambia is selected
